<?xml version="1.0" encoding="UTF-8"?>
<robot generator="Robot 6.1.1 (Python 3.11.5 on win32)" generated="20230928 21:25:02.872" rpa="false" schemaversion="4">
<suite id="s1" name="Test04" source="c:\Users\Admin\Desktop\Formation SQL\Session 3\TECHNIQUES D'AUTOMATISATION DE TESTS I\cours 3 21-09-2023\TestCases\Test04.robot">
<test id="s1-t1" name="Tc001 login test" line="9">
<kw name="Se connecter a l'application orange demo">
<arg>${url}</arg>
<arg>${browser}</arg>
<kw name="Open Browser" library="SeleniumLibrary">
<arg>${Myurl}</arg>
<arg>${Mybrowser}</arg>
<doc>Opens a new browser instance to the optional ``url``.</doc>
<msg timestamp="20230928 21:25:03.142" level="INFO">Opening browser 'gc' to base url 'https://opensource-demo.orangehrmlive.com/web/index.php/auth/login'.</msg>
<status status="PASS" starttime="20230928 21:25:03.142" endtime="20230928 21:25:07.005"/>
</kw>
<kw name="Maximize Browser Window" library="SeleniumLibrary">
<doc>Maximizes current browser window.</doc>
<status status="PASS" starttime="20230928 21:25:07.006" endtime="20230928 21:25:07.132"/>
</kw>
<kw name="Sleep" library="BuiltIn">
<arg>2</arg>
<doc>Pauses the test executed for the given time.</doc>
<msg timestamp="20230928 21:25:09.132" level="INFO">Slept 2 seconds</msg>
<status status="PASS" starttime="20230928 21:25:07.132" endtime="20230928 21:25:09.133"/>
</kw>
<status status="PASS" starttime="20230928 21:25:03.142" endtime="20230928 21:25:09.133"/>
</kw>
<kw name="Saisir le nom d'utilisateur">
<kw name="Clear Element Text" library="SeleniumLibrary">
<arg>name:username</arg>
<doc>Clears the value of the text-input-element identified by ``locator``.</doc>
<status status="PASS" starttime="20230928 21:25:09.137" endtime="20230928 21:25:09.206"/>
</kw>
<kw name="Input Text" library="SeleniumLibrary">
<arg>name:username</arg>
<arg>Admin</arg>
<doc>Types the given ``text`` into the text field identified by ``locator``.</doc>
<msg timestamp="20230928 21:25:09.207" level="INFO">Typing text 'Admin' into text field 'name:username'.</msg>
<status status="PASS" starttime="20230928 21:25:09.206" endtime="20230928 21:25:09.285"/>
</kw>
<status status="PASS" starttime="20230928 21:25:09.135" endtime="20230928 21:25:09.285"/>
</kw>
<kw name="Saisir le mot de passe">
<kw name="Clear Element Text" library="SeleniumLibrary">
<arg>name:password</arg>
<doc>Clears the value of the text-input-element identified by ``locator``.</doc>
<status status="PASS" starttime="20230928 21:25:09.287" endtime="20230928 21:25:09.313"/>
</kw>
<kw name="Input Password" library="SeleniumLibrary">
<arg>name:password</arg>
<arg>admin123</arg>
<doc>Types the given password into the text field identified by ``locator``.</doc>
<msg timestamp="20230928 21:25:09.314" level="INFO">Typing password into text field 'name:password'.</msg>
<msg timestamp="20230928 21:25:09.382" level="INFO">Temporally setting log level to: NONE</msg>
<msg timestamp="20230928 21:25:09.429" level="INFO">Log level changed from NONE to INFO.</msg>
<status status="PASS" starttime="20230928 21:25:09.313" endtime="20230928 21:25:09.429"/>
</kw>
<status status="PASS" starttime="20230928 21:25:09.286" endtime="20230928 21:25:09.429"/>
</kw>
<kw name="Cliquer sur le bouton login">
<kw name="Click Button" library="SeleniumLibrary">
<arg>xpath://Button</arg>
<doc>Clicks the button identified by ``locator``.</doc>
<msg timestamp="20230928 21:25:09.431" level="INFO">Clicking button 'xpath://Button'.</msg>
<status status="PASS" starttime="20230928 21:25:09.430" endtime="20230928 21:25:09.479"/>
</kw>
<kw name="Sleep" library="BuiltIn">
<arg>2</arg>
<doc>Pauses the test executed for the given time.</doc>
<msg timestamp="20230928 21:25:11.480" level="INFO">Slept 2 seconds</msg>
<status status="PASS" starttime="20230928 21:25:09.479" endtime="20230928 21:25:11.481"/>
</kw>
<status status="PASS" starttime="20230928 21:25:09.430" endtime="20230928 21:25:11.481"/>
</kw>
<kw name="Valider l'affichage de la page d'accueil">
<kw name="Element Text Should Be" library="SeleniumLibrary">
<arg>xpath://h6</arg>
<arg>Dashboard</arg>
<doc>Verifies that element ``locator`` contains exact the text ``expected``.</doc>
<msg timestamp="20230928 21:25:11.486" level="INFO">Verifying element 'xpath://h6' contains exact text 'Dashboard'.</msg>
<status status="PASS" starttime="20230928 21:25:11.484" endtime="20230928 21:25:11.542"/>
</kw>
<status status="PASS" starttime="20230928 21:25:11.483" endtime="20230928 21:25:11.542"/>
</kw>
<kw name="Fermer l'application">
<kw name="Close Browser" library="SeleniumLibrary">
<doc>Closes the current browser.</doc>
<status status="PASS" starttime="20230928 21:25:11.545" endtime="20230928 21:25:13.832"/>
</kw>
<status status="PASS" starttime="20230928 21:25:11.544" endtime="20230928 21:25:13.833"/>
</kw>
<status status="PASS" starttime="20230928 21:25:03.141" endtime="20230928 21:25:13.835"/>
</test>
<status status="PASS" starttime="20230928 21:25:02.880" endtime="20230928 21:25:13.839"/>
</suite>
<statistics>
<total>
<stat pass="1" fail="0" skip="0">All Tests</stat>
</total>
<tag>
</tag>
<suite>
<stat pass="1" fail="0" skip="0" id="s1" name="Test04">Test04</stat>
</suite>
</statistics>
<errors>
</errors>
</robot>
