<?xml version="1.0" encoding="UTF-8"?>
<robot generator="Robot 6.1.1 (Python 3.11.5 on win32)" generated="20230921 21:37:56.277" rpa="false" schemaversion="4">
<suite id="s1" name="Test01" source="c:\Users\Admin\Desktop\Formation SQL\Session 3\TECHNIQUES D'AUTOMATISATION DE TESTS I\cours 3 21-09-2023\TestCases\Test01.robot">
<test id="s1-t1" name="Tc001 login test" line="9">
<kw name="Se connecter a l'application orange demo" library="Ressources01">
<kw name="Open Browser" library="SeleniumLibrary">
<arg>${url}</arg>
<arg>${browser}</arg>
<doc>Opens a new browser instance to the optional ``url``.</doc>
<msg timestamp="20230921 21:37:56.521" level="INFO">Opening browser 'gc' to base url 'https://opensource-demo.orangehrmlive.com/web/index.php/auth/login'.</msg>
<status status="PASS" starttime="20230921 21:37:56.520" endtime="20230921 21:38:00.127"/>
</kw>
<kw name="Maximize Browser Window" library="SeleniumLibrary">
<doc>Maximizes current browser window.</doc>
<status status="PASS" starttime="20230921 21:38:00.128" endtime="20230921 21:38:00.246"/>
</kw>
<kw name="Sleep" library="BuiltIn">
<arg>2</arg>
<doc>Pauses the test executed for the given time.</doc>
<msg timestamp="20230921 21:38:02.248" level="INFO">Slept 2 seconds</msg>
<status status="PASS" starttime="20230921 21:38:00.246" endtime="20230921 21:38:02.248"/>
</kw>
<status status="PASS" starttime="20230921 21:37:56.520" endtime="20230921 21:38:02.249"/>
</kw>
<kw name="Saisir le nom d'utilisateur" library="Ressources01">
<kw name="Clear Element Text" library="SeleniumLibrary">
<arg>name:username</arg>
<doc>Clears the value of the text-input-element identified by ``locator``.</doc>
<status status="PASS" starttime="20230921 21:38:02.251" endtime="20230921 21:38:02.321"/>
</kw>
<kw name="Input Text" library="SeleniumLibrary">
<arg>name:username</arg>
<arg>Admin</arg>
<doc>Types the given ``text`` into the text field identified by ``locator``.</doc>
<msg timestamp="20230921 21:38:02.322" level="INFO">Typing text 'Admin' into text field 'name:username'.</msg>
<status status="PASS" starttime="20230921 21:38:02.321" endtime="20230921 21:38:02.380"/>
</kw>
<status status="PASS" starttime="20230921 21:38:02.250" endtime="20230921 21:38:02.380"/>
</kw>
<kw name="Saisir le mot de passe" library="Ressources01">
<kw name="Clear Element Text" library="SeleniumLibrary">
<arg>name:password</arg>
<doc>Clears the value of the text-input-element identified by ``locator``.</doc>
<status status="PASS" starttime="20230921 21:38:02.381" endtime="20230921 21:38:02.408"/>
</kw>
<kw name="Input Password" library="SeleniumLibrary">
<arg>name:password</arg>
<arg>admin123</arg>
<doc>Types the given password into the text field identified by ``locator``.</doc>
<msg timestamp="20230921 21:38:02.409" level="INFO">Typing password into text field 'name:password'.</msg>
<msg timestamp="20230921 21:38:02.438" level="INFO">Temporally setting log level to: NONE</msg>
<msg timestamp="20230921 21:38:02.494" level="INFO">Log level changed from NONE to INFO.</msg>
<status status="PASS" starttime="20230921 21:38:02.409" endtime="20230921 21:38:02.494"/>
</kw>
<status status="PASS" starttime="20230921 21:38:02.381" endtime="20230921 21:38:02.494"/>
</kw>
<kw name="Cliquer sur le bouton login" library="Ressources01">
<kw name="Click Button" library="SeleniumLibrary">
<arg>xpath://Button</arg>
<doc>Clicks the button identified by ``locator``.</doc>
<msg timestamp="20230921 21:38:02.497" level="INFO">Clicking button 'xpath://Button'.</msg>
<status status="PASS" starttime="20230921 21:38:02.496" endtime="20230921 21:38:03.664"/>
</kw>
<kw name="Sleep" library="BuiltIn">
<arg>2</arg>
<doc>Pauses the test executed for the given time.</doc>
<msg timestamp="20230921 21:38:05.666" level="INFO">Slept 2 seconds</msg>
<status status="PASS" starttime="20230921 21:38:03.665" endtime="20230921 21:38:05.667"/>
</kw>
<status status="PASS" starttime="20230921 21:38:02.496" endtime="20230921 21:38:05.668"/>
</kw>
<kw name="Valider l'affichage de la page d'accueil" library="Ressources01">
<kw name="Element Text Should Be" library="SeleniumLibrary">
<arg>xpath://h6</arg>
<arg>Dashboard</arg>
<doc>Verifies that element ``locator`` contains exact the text ``expected``.</doc>
<msg timestamp="20230921 21:38:05.675" level="INFO">Verifying element 'xpath://h6' contains exact text 'Dashboard'.</msg>
<status status="PASS" starttime="20230921 21:38:05.673" endtime="20230921 21:38:05.705"/>
</kw>
<status status="PASS" starttime="20230921 21:38:05.673" endtime="20230921 21:38:05.706"/>
</kw>
<kw name="Fermer l'application" library="Ressources01">
<kw name="Close Browser" library="SeleniumLibrary">
<doc>Closes the current browser.</doc>
<status status="PASS" starttime="20230921 21:38:05.707" endtime="20230921 21:38:09.104"/>
</kw>
<status status="PASS" starttime="20230921 21:38:05.707" endtime="20230921 21:38:09.105"/>
</kw>
<status status="PASS" starttime="20230921 21:37:56.519" endtime="20230921 21:38:09.106"/>
</test>
<status status="PASS" starttime="20230921 21:37:56.283" endtime="20230921 21:38:09.113"/>
</suite>
<statistics>
<total>
<stat pass="1" fail="0" skip="0">All Tests</stat>
</total>
<tag>
</tag>
<suite>
<stat pass="1" fail="0" skip="0" id="s1" name="Test01">Test01</stat>
</suite>
</statistics>
<errors>
</errors>
</robot>
